# JRE version: OpenJDK Runtime Environment Microsoft-12574423 (17.0.17+10) (build 17.0.17+10-LTS)
# Java VM: OpenJDK 64-Bit Server VM Microsoft-12574423 (17.0.17+10-LTS, mixed mode, sharing, tiered, compressed oops, compressed class ptrs, g1 gc, windows-amd64)
GC Precious Log:
 CPUs: 8 total, 8 available
 Memory: 16192M
 Large Page Support: Disabled
 NUMA Support: Disabled
 Compressed Oops: Enabled (32-bit)
 Heap Region Size: 1M
 Heap Min Capacity: 8M
 Heap Initial Capacity: 254M
 Heap Max Capacity: 1G
 Pre-touch: Disabled
 Parallel Workers: 8
 Concurrent Workers: 2
 Concurrent Refinement Workers: 8
 Periodic GC: Disabled
Heap:
 garbage-first heap   total 148480K, used 58960K [0x00000000c0000000, 0x0000000100000000)
  region size 1024K, 4 young (4096K), 4 survivors (4096K)
 Metaspace       used 63095K, committed 63936K, reserved 1114112K
  class space    used 9101K, committed 9472K, reserved 1048576K
GC Heap History (20 events):
Event: 22.041 GC heap after
{Heap after GC invocations=20 (full 0):
 garbage-first heap   total 89088K, used 51564K [0x00000000c0000000, 0x0000000100000000)
  region size 1024K, 1 young (1024K), 1 survivors (1024K)
 Metaspace       used 52515K, committed 53248K, reserved 1114112K
  class space    used 7524K, committed 7808K, reserved 1048576K
}
Event: 22.616 GC heap before
{Heap before GC invocations=20 (full 0):
 garbage-first heap   total 89088K, used 69996K [0x00000000c0000000, 0x0000000100000000)
  region size 1024K, 19 young (19456K), 1 survivors (1024K)
 Metaspace       used 54726K, committed 55424K, reserved 1114112K
  class space    used 7808K, committed 8128K, reserved 1048576K
}
Event: 22.619 GC heap after
{Heap after GC invocations=21 (full 0):
 garbage-first heap   total 89088K, used 52230K [0x00000000c0000000, 0x0000000100000000)
  region size 1024K, 1 young (1024K), 1 survivors (1024K)
 Metaspace       used 54726K, committed 55424K, reserved 1114112K
  class space    used 7808K, committed 8128K, reserved 1048576K
}
Event: 23.033 GC heap before
{Heap before GC invocations=22 (full 0):
 garbage-first heap   total 94208K, used 69638K [0x00000000c0000000, 0x0000000100000000)
  region size 1024K, 19 young (19456K), 1 survivors (1024K)
 Metaspace       used 55895K, committed 56640K, reserved 1114112K
  class space    used 7994K, committed 8320K, reserved 1048576K
}
Event: 23.035 GC heap after
{Heap after GC invocations=23 (full 0):
 garbage-first heap   total 94208K, used 52709K [0x00000000c0000000, 0x0000000100000000)
  region size 1024K, 2 young (2048K), 2 survivors (2048K)
 Metaspace       used 55895K, committed 56640K, reserved 1114112K
  class space    used 7994K, committed 8320K, reserved 1048576K
}
Event: 23.077 GC heap before
{Heap before GC invocations=23 (full 0):
 garbage-first heap   total 94208K, used 54757K [0x00000000c0000000, 0x0000000100000000)
  region size 1024K, 4 young (4096K), 2 survivors (2048K)
 Metaspace       used 56048K, committed 56896K, reserved 1114112K
  class space    used 8009K, committed 8384K, reserved 1048576K
}
Event: 23.081 GC heap after
{Heap after GC invocations=24 (full 0):
 garbage-first heap   total 94208K, used 53135K [0x00000000c0000000, 0x0000000100000000)
  region size 1024K, 1 young (1024K), 1 survivors (1024K)
 Metaspace       used 56048K, committed 56896K, reserved 1114112K
  class space    used 8009K, committed 8384K, reserved 1048576K
}
Event: 23.480 GC heap before
{Heap before GC invocations=24 (full 0):
 garbage-first heap   total 94208K, used 75663K [0x00000000c0000000, 0x0000000100000000)
  region size 1024K, 23 young (23552K), 1 survivors (1024K)
 Metaspace       used 57387K, committed 58176K, reserved 1114112K
  class space    used 8181K, committed 8512K, reserved 1048576K
}
Event: 23.484 GC heap after
{Heap after GC invocations=25 (full 0):
 garbage-first heap   total 94208K, used 53920K [0x00000000c0000000, 0x0000000100000000)
  region size 1024K, 2 young (2048K), 2 survivors (2048K)
 Metaspace       used 57387K, committed 58176K, reserved 1114112K
  class space    used 8181K, committed 8512K, reserved 1048576K
}
Event: 23.978 GC heap before
{Heap before GC invocations=26 (full 0):
 garbage-first heap   total 96256K, used 76448K [0x00000000c0000000, 0x0000000100000000)
  region size 1024K, 24 young (24576K), 2 survivors (2048K)
 Metaspace       used 59474K, committed 60288K, reserved 1114112K
  class space    used 8556K, committed 8960K, reserved 1048576K
}
Event: 23.982 GC heap after
{Heap after GC invocations=27 (full 0):
 garbage-first heap   total 96256K, used 54830K [0x00000000c0000000, 0x0000000100000000)
  region size 1024K, 3 young (3072K), 3 survivors (3072K)
 Metaspace       used 59474K, committed 60288K, reserved 1114112K
  class space    used 8556K, committed 8960K, reserved 1048576K
}
Event: 24.000 GC heap before
{Heap before GC invocations=27 (full 0):
 garbage-first heap   total 96256K, used 55854K [0x00000000c0000000, 0x0000000100000000)
  region size 1024K, 4 young (4096K), 3 survivors (3072K)
 Metaspace       used 59514K, committed 60352K, reserved 1114112K
  class space    used 8563K, committed 8960K, reserved 1048576K
}
Event: 24.004 GC heap after
{Heap after GC invocations=28 (full 0):
 garbage-first heap   total 96256K, used 54481K [0x00000000c0000000, 0x0000000100000000)
  region size 1024K, 1 young (1024K), 1 survivors (1024K)
 Metaspace       used 59514K, committed 60352K, reserved 1114112K
  class space    used 8563K, committed 8960K, reserved 1048576K
}
Event: 24.483 GC heap before
{Heap before GC invocations=28 (full 0):
 garbage-first heap   total 96256K, used 77009K [0x00000000c0000000, 0x0000000100000000)
  region size 1024K, 24 young (24576K), 1 survivors (1024K)
 Metaspace       used 60836K, committed 61632K, reserved 1114112K
  class space    used 8754K, committed 9152K, reserved 1048576K
}
Event: 24.486 GC heap after
{Heap after GC invocations=29 (full 0):
 garbage-first heap   total 96256K, used 54781K [0x00000000c0000000, 0x0000000100000000)
  region size 1024K, 1 young (1024K), 1 survivors (1024K)
 Metaspace       used 60836K, committed 61632K, reserved 1114112K
  class space    used 8754K, committed 9152K, reserved 1048576K
}
Event: 25.082 GC heap before
{Heap before GC invocations=30 (full 0):
 garbage-first heap   total 97280K, used 79357K [0x00000000c0000000, 0x0000000100000000)
  region size 1024K, 25 young (25600K), 1 survivors (1024K)
 Metaspace       used 62237K, committed 63104K, reserved 1114112K
  class space    used 8970K, committed 9344K, reserved 1048576K
}
Event: 25.086 GC heap after
{Heap after GC invocations=31 (full 0):
 garbage-first heap   total 97280K, used 55907K [0x00000000c0000000, 0x0000000100000000)
  region size 1024K, 2 young (2048K), 2 survivors (2048K)
 Metaspace       used 62237K, committed 63104K, reserved 1114112K
  class space    used 8970K, committed 9344K, reserved 1048576K
}
Event: 25.116 GC heap before
{Heap before GC invocations=31 (full 0):
 garbage-first heap   total 97280K, used 56931K [0x00000000c0000000, 0x0000000100000000)
  region size 1024K, 4 young (4096K), 2 survivors (2048K)
 Metaspace       used 62285K, committed 63168K, reserved 1114112K
  class space    used 8977K, committed 9408K, reserved 1048576K
}
Event: 25.121 GC heap after
{Heap after GC invocations=32 (full 0):
 garbage-first heap   total 97280K, used 55897K [0x00000000c0000000, 0x0000000100000000)
  region size 1024K, 1 young (1024K), 1 survivors (1024K)
 Metaspace       used 62285K, committed 63168K, reserved 1114112K
  class space    used 8977K, committed 9408K, reserved 1048576K
}
Event: 25.685 GC heap before
{Heap before GC invocations=32 (full 0):
 garbage-first heap   total 97280K, used 80473K [0x00000000c0000000, 0x0000000100000000)
  region size 1024K, 25 young (25600K), 1 survivors (1024K)
 Metaspace       used 63095K, committed 63936K, reserved 1114112K
  class space    used 9101K, committed 9472K, reserved 1048576K
}

