# JRE version: OpenJDK Runtime Environment Microsoft-12574423 (17.0.17+10) (build 17.0.17+10-LTS)
# Java VM: OpenJDK 64-Bit Server VM Microsoft-12574423 (17.0.17+10-LTS, mixed mode, sharing, tiered, compressed oops, compressed class ptrs, g1 gc, windows-amd64)
GC Precious Log:
 CPUs: 8 total, 8 available
 Memory: 16192M
 Large Page Support: Disabled
 NUMA Support: Disabled
 Compressed Oops: Enabled (32-bit)
 Heap Region Size: 1M
 Heap Min Capacity: 8M
 Heap Initial Capacity: 254M
 Heap Max Capacity: 2G
 Pre-touch: Disabled
 Parallel Workers: 8
 Concurrent Workers: 2
 Concurrent Refinement Workers: 8
 Periodic GC: Disabled
Heap:
 garbage-first heap   total 356352K, used 283857K [0x0000000080000000, 0x0000000100000000)
  region size 1024K, 24 young (24576K), 6 survivors (6144K)
 Metaspace       used 135781K, committed 137536K, reserved 557056K
  class space    used 18260K, committed 19136K, reserved 425984K
GC Heap History (20 events):
Event: 141.574 GC heap before
{Heap before GC invocations=130 (full 0):
 garbage-first heap   total 296960K, used 260012K [0x0000000080000000, 0x0000000100000000)
  region size 1024K, 15 young (15360K), 2 survivors (2048K)
 Metaspace       used 123691K, committed 125312K, reserved 557056K
  class space    used 16906K, committed 17728K, reserved 425984K
}
Event: 141.578 GC heap after
{Heap after GC invocations=131 (full 0):
 garbage-first heap   total 296960K, used 248757K [0x0000000080000000, 0x0000000100000000)
  region size 1024K, 2 young (2048K), 2 survivors (2048K)
 Metaspace       used 123691K, committed 125312K, reserved 557056K
  class space    used 16906K, committed 17728K, reserved 425984K
}
Event: 141.706 GC heap before
{Heap before GC invocations=131 (full 0):
 garbage-first heap   total 296960K, used 261045K [0x0000000080000000, 0x0000000100000000)
  region size 1024K, 15 young (15360K), 2 survivors (2048K)
 Metaspace       used 123691K, committed 125312K, reserved 557056K
  class space    used 16906K, committed 17728K, reserved 425984K
}
Event: 141.712 GC heap after
{Heap after GC invocations=132 (full 0):
 garbage-first heap   total 356352K, used 249792K [0x0000000080000000, 0x0000000100000000)
  region size 1024K, 2 young (2048K), 2 survivors (2048K)
 Metaspace       used 123691K, committed 125312K, reserved 557056K
  class space    used 16906K, committed 17728K, reserved 425984K
}
Event: 142.247 GC heap before
{Heap before GC invocations=132 (full 0):
 garbage-first heap   total 356352K, used 305088K [0x0000000080000000, 0x0000000100000000)
  region size 1024K, 57 young (58368K), 2 survivors (2048K)
 Metaspace       used 123707K, committed 125312K, reserved 557056K
  class space    used 16907K, committed 17728K, reserved 425984K
}
Event: 142.255 GC heap after
{Heap after GC invocations=133 (full 0):
 garbage-first heap   total 356352K, used 252650K [0x0000000080000000, 0x0000000100000000)
  region size 1024K, 5 young (5120K), 5 survivors (5120K)
 Metaspace       used 123707K, committed 125312K, reserved 557056K
  class space    used 16907K, committed 17728K, reserved 425984K
}
Event: 143.304 GC heap before
{Heap before GC invocations=133 (full 0):
 garbage-first heap   total 356352K, used 305898K [0x0000000080000000, 0x0000000100000000)
  region size 1024K, 58 young (59392K), 5 survivors (5120K)
 Metaspace       used 125197K, committed 126720K, reserved 557056K
  class space    used 17097K, committed 17856K, reserved 425984K
}
Event: 143.313 GC heap after
{Heap after GC invocations=134 (full 0):
 garbage-first heap   total 356352K, used 255080K [0x0000000080000000, 0x0000000100000000)
  region size 1024K, 7 young (7168K), 7 survivors (7168K)
 Metaspace       used 125197K, committed 126720K, reserved 557056K
  class space    used 17097K, committed 17856K, reserved 425984K
}
Event: 148.372 GC heap before
{Heap before GC invocations=134 (full 0):
 garbage-first heap   total 356352K, used 306280K [0x0000000080000000, 0x0000000100000000)
  region size 1024K, 58 young (59392K), 7 survivors (7168K)
 Metaspace       used 126570K, committed 128192K, reserved 557056K
  class space    used 17259K, committed 18048K, reserved 425984K
}
Event: 148.385 GC heap after
{Heap after GC invocations=135 (full 0):
 garbage-first heap   total 356352K, used 257312K [0x0000000080000000, 0x0000000100000000)
  region size 1024K, 7 young (7168K), 7 survivors (7168K)
 Metaspace       used 126570K, committed 128192K, reserved 557056K
  class space    used 17259K, committed 18048K, reserved 425984K
}
Event: 160.672 GC heap before
{Heap before GC invocations=135 (full 0):
 garbage-first heap   total 356352K, used 307488K [0x0000000080000000, 0x0000000100000000)
  region size 1024K, 57 young (58368K), 7 survivors (7168K)
 Metaspace       used 129043K, committed 130624K, reserved 557056K
  class space    used 17592K, committed 18368K, reserved 425984K
}
Event: 160.685 GC heap after
{Heap after GC invocations=136 (full 0):
 garbage-first heap   total 356352K, used 261333K [0x0000000080000000, 0x0000000100000000)
  region size 1024K, 8 young (8192K), 8 survivors (8192K)
 Metaspace       used 129043K, committed 130624K, reserved 557056K
  class space    used 17592K, committed 18368K, reserved 425984K
}
Event: 162.094 GC heap before
{Heap before GC invocations=136 (full 0):
 garbage-first heap   total 356352K, used 306389K [0x0000000080000000, 0x0000000100000000)
  region size 1024K, 53 young (54272K), 8 survivors (8192K)
 Metaspace       used 133124K, committed 134784K, reserved 557056K
  class space    used 18025K, committed 18816K, reserved 425984K
}
Event: 162.105 GC heap after
{Heap after GC invocations=137 (full 0):
 garbage-first heap   total 356352K, used 262757K [0x0000000080000000, 0x0000000100000000)
  region size 1024K, 2 young (2048K), 2 survivors (2048K)
 Metaspace       used 133124K, committed 134784K, reserved 557056K
  class space    used 18025K, committed 18816K, reserved 425984K
}
Event: 1475.248 GC heap before
{Heap before GC invocations=137 (full 0):
 garbage-first heap   total 356352K, used 308837K [0x0000000080000000, 0x0000000100000000)
  region size 1024K, 48 young (49152K), 2 survivors (2048K)
 Metaspace       used 135060K, committed 136704K, reserved 557056K
  class space    used 18175K, committed 19008K, reserved 425984K
}
Event: 1475.289 GC heap after
{Heap after GC invocations=138 (full 0):
 garbage-first heap   total 356352K, used 262168K [0x0000000080000000, 0x0000000100000000)
  region size 1024K, 2 young (2048K), 2 survivors (2048K)
 Metaspace       used 135060K, committed 136704K, reserved 557056K
  class space    used 18175K, committed 19008K, reserved 425984K
}
Event: 3681.388 GC heap before
{Heap before GC invocations=138 (full 0):
 garbage-first heap   total 356352K, used 311320K [0x0000000080000000, 0x0000000100000000)
  region size 1024K, 50 young (51200K), 2 survivors (2048K)
 Metaspace       used 135162K, committed 136832K, reserved 557056K
  class space    used 18178K, committed 19008K, reserved 425984K
}
Event: 3681.405 GC heap after
{Heap after GC invocations=139 (full 0):
 garbage-first heap   total 356352K, used 262531K [0x0000000080000000, 0x0000000100000000)
  region size 1024K, 2 young (2048K), 2 survivors (2048K)
 Metaspace       used 135162K, committed 136832K, reserved 557056K
  class space    used 18178K, committed 19008K, reserved 425984K
}
Event: 3683.693 GC heap before
{Heap before GC invocations=139 (full 0):
 garbage-first heap   total 356352K, used 312707K [0x0000000080000000, 0x0000000100000000)
  region size 1024K, 51 young (52224K), 2 survivors (2048K)
 Metaspace       used 135570K, committed 137344K, reserved 557056K
  class space    used 18239K, committed 19136K, reserved 425984K
}
Event: 3683.718 GC heap after
{Heap after GC invocations=140 (full 0):
 garbage-first heap   total 356352K, used 266449K [0x0000000080000000, 0x0000000100000000)
  region size 1024K, 6 young (6144K), 6 survivors (6144K)
 Metaspace       used 135570K, committed 137344K, reserved 557056K
  class space    used 18239K, committed 19136K, reserved 425984K
}

