# JRE version: OpenJDK Runtime Environment Microsoft-12574423 (17.0.17+10) (build 17.0.17+10-LTS)
# Java VM: OpenJDK 64-Bit Server VM Microsoft-12574423 (17.0.17+10-LTS, mixed mode, sharing, tiered, compressed oops, compressed class ptrs, g1 gc, windows-amd64)
GC Precious Log:
 CPUs: 8 total, 8 available
 Memory: 16192M
 Large Page Support: Disabled
 NUMA Support: Disabled
 Compressed Oops: Enabled (32-bit)
 Heap Region Size: 1M
 Heap Min Capacity: 8M
 Heap Initial Capacity: 254M
 Heap Max Capacity: 2G
 Pre-touch: Disabled
 Parallel Workers: 8
 Concurrent Workers: 2
 Concurrent Refinement Workers: 8
 Periodic GC: Disabled
Heap:
 garbage-first heap   total 450560K, used 333824K [0x0000000080000000, 0x0000000100000000)
  region size 1024K, 117 young (119808K), 12 survivors (12288K)
 Metaspace       used 123830K, committed 125568K, reserved 557056K
  class space    used 17018K, committed 17856K, reserved 425984K
GC Heap History (20 events):
Event: 27.978 GC heap before
{Heap before GC invocations=47 (full 0):
 garbage-first heap   total 209920K, used 175878K [0x0000000080000000, 0x0000000100000000)
  region size 1024K, 59 young (60416K), 2 survivors (2048K)
 Metaspace       used 103079K, committed 104384K, reserved 557056K
  class space    used 14462K, committed 15104K, reserved 425984K
}
Event: 27.985 GC heap after
{Heap after GC invocations=48 (full 0):
 garbage-first heap   total 209920K, used 124547K [0x0000000080000000, 0x0000000100000000)
  region size 1024K, 8 young (8192K), 8 survivors (8192K)
 Metaspace       used 103079K, committed 104384K, reserved 557056K
  class space    used 14462K, committed 15104K, reserved 425984K
}
Event: 28.923 GC heap before
{Heap before GC invocations=49 (full 0):
 garbage-first heap   total 225280K, used 173699K [0x0000000080000000, 0x0000000100000000)
  region size 1024K, 57 young (58368K), 8 survivors (8192K)
 Metaspace       used 104689K, committed 105984K, reserved 557056K
  class space    used 14711K, committed 15360K, reserved 425984K
}
Event: 28.938 GC heap after
{Heap after GC invocations=50 (full 0):
 garbage-first heap   total 225280K, used 130835K [0x0000000080000000, 0x0000000100000000)
  region size 1024K, 8 young (8192K), 8 survivors (8192K)
 Metaspace       used 104689K, committed 105984K, reserved 557056K
  class space    used 14711K, committed 15360K, reserved 425984K
}
Event: 28.964 GC heap before
{Heap before GC invocations=50 (full 0):
 garbage-first heap   total 225280K, used 132883K [0x0000000080000000, 0x0000000100000000)
  region size 1024K, 11 young (11264K), 8 survivors (8192K)
 Metaspace       used 104691K, committed 105984K, reserved 557056K
  class space    used 14711K, committed 15360K, reserved 425984K
}
Event: 28.974 GC heap after
{Heap after GC invocations=51 (full 0):
 garbage-first heap   total 225280K, used 130354K [0x0000000080000000, 0x0000000100000000)
  region size 1024K, 2 young (2048K), 2 survivors (2048K)
 Metaspace       used 104691K, committed 105984K, reserved 557056K
  class space    used 14711K, committed 15360K, reserved 425984K
}
Event: 29.259 GC heap before
{Heap before GC invocations=51 (full 0):
 garbage-first heap   total 225280K, used 183602K [0x0000000080000000, 0x0000000100000000)
  region size 1024K, 55 young (56320K), 2 survivors (2048K)
 Metaspace       used 104709K, committed 106048K, reserved 557056K
  class space    used 14712K, committed 15360K, reserved 425984K
}
Event: 29.266 GC heap after
{Heap after GC invocations=52 (full 0):
 garbage-first heap   total 450560K, used 132456K [0x0000000080000000, 0x0000000100000000)
  region size 1024K, 4 young (4096K), 4 survivors (4096K)
 Metaspace       used 104709K, committed 106048K, reserved 557056K
  class space    used 14712K, committed 15360K, reserved 425984K
}
Event: 31.286 GC heap before
{Heap before GC invocations=52 (full 0):
 garbage-first heap   total 450560K, used 347496K [0x0000000080000000, 0x0000000100000000)
  region size 1024K, 211 young (216064K), 4 survivors (4096K)
 Metaspace       used 106154K, committed 107648K, reserved 557056K
  class space    used 14912K, committed 15616K, reserved 425984K
}
Event: 31.306 GC heap after
{Heap after GC invocations=53 (full 0):
 garbage-first heap   total 450560K, used 149178K [0x0000000080000000, 0x0000000100000000)
  region size 1024K, 18 young (18432K), 18 survivors (18432K)
 Metaspace       used 106154K, committed 107648K, reserved 557056K
  class space    used 14912K, committed 15616K, reserved 425984K
}
Event: 32.609 GC heap before
{Heap before GC invocations=53 (full 0):
 garbage-first heap   total 450560K, used 341690K [0x0000000080000000, 0x0000000100000000)
  region size 1024K, 202 young (206848K), 18 survivors (18432K)
 Metaspace       used 106482K, committed 107904K, reserved 557056K
  class space    used 14941K, committed 15616K, reserved 425984K
}
Event: 32.627 GC heap after
{Heap after GC invocations=54 (full 0):
 garbage-first heap   total 450560K, used 166729K [0x0000000080000000, 0x0000000100000000)
  region size 1024K, 16 young (16384K), 16 survivors (16384K)
 Metaspace       used 106482K, committed 107904K, reserved 557056K
  class space    used 14941K, committed 15616K, reserved 425984K
}
Event: 34.180 GC heap before
{Heap before GC invocations=54 (full 0):
 garbage-first heap   total 450560K, used 347977K [0x0000000080000000, 0x0000000100000000)
  region size 1024K, 190 young (194560K), 16 survivors (16384K)
 Metaspace       used 108221K, committed 109760K, reserved 557056K
  class space    used 15116K, committed 15872K, reserved 425984K
}
Event: 34.198 GC heap after
{Heap after GC invocations=55 (full 0):
 garbage-first heap   total 450560K, used 184643K [0x0000000080000000, 0x0000000100000000)
  region size 1024K, 17 young (17408K), 17 survivors (17408K)
 Metaspace       used 108221K, committed 109760K, reserved 557056K
  class space    used 15116K, committed 15872K, reserved 425984K
}
Event: 36.540 GC heap before
{Heap before GC invocations=55 (full 0):
 garbage-first heap   total 450560K, used 352579K [0x0000000080000000, 0x0000000100000000)
  region size 1024K, 180 young (184320K), 17 survivors (17408K)
 Metaspace       used 113619K, committed 115200K, reserved 557056K
  class space    used 15771K, committed 16512K, reserved 425984K
}
Event: 36.570 GC heap after
{Heap after GC invocations=56 (full 0):
 garbage-first heap   total 450560K, used 204490K [0x0000000080000000, 0x0000000100000000)
  region size 1024K, 20 young (20480K), 20 survivors (20480K)
 Metaspace       used 113619K, committed 115200K, reserved 557056K
  class space    used 15771K, committed 16512K, reserved 425984K
}
Event: 38.604 GC heap before
{Heap before GC invocations=56 (full 0):
 garbage-first heap   total 450560K, used 355018K [0x0000000080000000, 0x0000000100000000)
  region size 1024K, 167 young (171008K), 20 survivors (20480K)
 Metaspace       used 118553K, committed 120320K, reserved 557056K
  class space    used 16492K, committed 17344K, reserved 425984K
}
Event: 38.632 GC heap after
{Heap after GC invocations=57 (full 0):
 garbage-first heap   total 450560K, used 216064K [0x0000000080000000, 0x0000000100000000)
  region size 1024K, 12 young (12288K), 12 survivors (12288K)
 Metaspace       used 118553K, committed 120320K, reserved 557056K
  class space    used 16492K, committed 17344K, reserved 425984K
}
Event: 40.371 GC heap before
{Heap before GC invocations=57 (full 0):
 garbage-first heap   total 450560K, used 365568K [0x0000000080000000, 0x0000000100000000)
  region size 1024K, 154 young (157696K), 12 survivors (12288K)
 Metaspace       used 122637K, committed 124352K, reserved 557056K
  class space    used 16856K, committed 17664K, reserved 425984K
}
Event: 40.393 GC heap after
{Heap after GC invocations=58 (full 0):
 garbage-first heap   total 450560K, used 228352K [0x0000000080000000, 0x0000000100000000)
  region size 1024K, 12 young (12288K), 12 survivors (12288K)
 Metaspace       used 122637K, committed 124352K, reserved 557056K
  class space    used 16856K, committed 17664K, reserved 425984K
}

